<?xml version="1.0" encoding="UTF-8"?>
<testng-results ignored="0" total="2" passed="2" failed="0" skipped="0">
  <reporter-output>
  </reporter-output>
  <suite started-at="2025-07-24T08:35:52Z" name="Default suite" finished-at="2025-07-24T08:35:52Z" duration-ms="69">
    <groups>
      <group name="nishanth">
        <method signature="group1.test1()[pri:0, instance:samptestng.group1@23941fb4]" name="test1" class="samptestng.group1"/>
        <method signature="group1.test2()[pri:0, instance:samptestng.group1@23941fb4]" name="test2" class="samptestng.group1"/>
      </group> <!-- nishanth -->
      <group name="sugu">
        <method signature="group1.test1()[pri:0, instance:samptestng.group1@23941fb4]" name="test1" class="samptestng.group1"/>
      </group> <!-- sugu -->
    </groups>
    <test started-at="2025-07-24T08:35:52Z" name="Default test" finished-at="2025-07-24T08:35:52Z" duration-ms="69">
      <class name="samptestng.group1">
        <test-method signature="test1()[pri:0, instance:samptestng.group1@23941fb4]" started-at="2025-07-24T08:35:52Z" name="test1" finished-at="2025-07-24T08:35:52Z" duration-ms="19" status="PASS">
          <reporter-output>
          </reporter-output>
        </test-method> <!-- test1 -->
        <test-method signature="test2()[pri:0, instance:samptestng.group1@23941fb4]" started-at="2025-07-24T08:35:52Z" name="test2" finished-at="2025-07-24T08:35:52Z" duration-ms="2" status="PASS">
          <reporter-output>
          </reporter-output>
        </test-method> <!-- test2 -->
      </class> <!-- samptestng.group1 -->
    </test> <!-- Default test -->
  </suite> <!-- Default suite -->
</testng-results>
