<?xml version="1.0" encoding="UTF-8"?>
<testng-results ignored="0" total="4" passed="4" failed="0" skipped="0">
  <reporter-output>
  </reporter-output>
  <suite started-at="2025-07-23T18:05:13Z" name="Default suite" finished-at="2025-07-23T18:05:13Z" duration-ms="57">
    <groups>
    </groups>
    <test started-at="2025-07-23T18:05:13Z" name="Default test" finished-at="2025-07-23T18:05:13Z" duration-ms="57">
      <class name="samptestng.validation">
        <test-method signature="Test1()[pri:0, instance:samptestng.validation@7486b455]" started-at="2025-07-23T18:05:13Z" name="Test1" finished-at="2025-07-23T18:05:13Z" duration-ms="16" status="PASS">
          <reporter-output>
          </reporter-output>
        </test-method> <!-- Test1 -->
        <test-method signature="Test2()[pri:0, instance:samptestng.validation@7486b455]" started-at="2025-07-23T18:05:13Z" name="Test2" finished-at="2025-07-23T18:05:13Z" duration-ms="2" status="PASS">
          <reporter-output>
          </reporter-output>
        </test-method> <!-- Test2 -->
        <test-method signature="Test3()[pri:0, instance:samptestng.validation@7486b455]" started-at="2025-07-23T18:05:13Z" name="Test3" finished-at="2025-07-23T18:05:13Z" duration-ms="1" status="PASS">
          <reporter-output>
          </reporter-output>
        </test-method> <!-- Test3 -->
        <test-method signature="Test4()[pri:0, instance:samptestng.validation@7486b455]" started-at="2025-07-23T18:05:13Z" name="Test4" finished-at="2025-07-23T18:05:13Z" duration-ms="4" status="PASS">
          <reporter-output>
          </reporter-output>
        </test-method> <!-- Test4 -->
      </class> <!-- samptestng.validation -->
    </test> <!-- Default test -->
  </suite> <!-- Default suite -->
</testng-results>
